[debug] [2020-10-11T15:40:38.742Z] ----------------------------------------------------------------------
[debug] [2020-10-11T15:40:38.744Z] Command:       /usr/local/Cellar/node/14.9.0/bin/node /usr/local/bin/firebase emulators:start
[debug] [2020-10-11T15:40:38.744Z] CLI Version:   8.12.1
[debug] [2020-10-11T15:40:38.744Z] Platform:      darwin
[debug] [2020-10-11T15:40:38.744Z] Node Version:  v14.9.0
[debug] [2020-10-11T15:40:38.746Z] Time:          Sun Oct 11 2020 16:40:38 GMT+0100 (British Summer Time)
[debug] [2020-10-11T15:40:38.746Z] ----------------------------------------------------------------------
[debug] [2020-10-11T15:40:38.746Z] 
[debug] [2020-10-11T15:40:38.755Z] > command requires scopes: ["email","openid","https://www.googleapis.com/auth/cloudplatformprojects.readonly","https://www.googleapis.com/auth/firebase","https://www.googleapis.com/auth/cloud-platform"]
[debug] [2020-10-11T15:40:38.755Z] > authorizing via signed-in user
[info] i  emulators: Starting emulators: firestore, database, hosting {"metadata":{"emulator":{"name":"hub"},"message":"Starting emulators: firestore, database, hosting"}}
[debug] [2020-10-11T15:40:38.778Z] [hub] writing locator at /var/folders/0t/q38mbs_j30g8ftm5nqzf10vh0000gn/T/hub-superchat-841b2.json
[debug] [2020-10-11T15:40:38.803Z] Ignoring unsupported arg: projectId {"metadata":{"emulator":{"name":"firestore"},"message":"Ignoring unsupported arg: projectId"}}
[debug] [2020-10-11T15:40:38.804Z] Ignoring unsupported arg: auto_download {"metadata":{"emulator":{"name":"firestore"},"message":"Ignoring unsupported arg: auto_download"}}
[debug] [2020-10-11T15:40:38.804Z] Starting Firestore Emulator with command {"binary":"java","args":["-Duser.language=en","-jar","/Users/tobiadeniyi/.cache/firebase/emulators/cloud-firestore-emulator-v1.11.7.jar","--host","localhost","--port",8080,"--rules","/Users/tobiadeniyi/Desktop/superchat/firestore.rules"],"optionalArgs":["port","webchannel_port","host","rules","functions_emulator","seed_from_export"],"joinArgs":false} {"metadata":{"emulator":{"name":"firestore"},"message":"Starting Firestore Emulator with command {\"binary\":\"java\",\"args\":[\"-Duser.language=en\",\"-jar\",\"/Users/tobiadeniyi/.cache/firebase/emulators/cloud-firestore-emulator-v1.11.7.jar\",\"--host\",\"localhost\",\"--port\",8080,\"--rules\",\"/Users/tobiadeniyi/Desktop/superchat/firestore.rules\"],\"optionalArgs\":[\"port\",\"webchannel_port\",\"host\",\"rules\",\"functions_emulator\",\"seed_from_export\"],\"joinArgs\":false}"}}
[info] i  firestore: Firestore Emulator logging to firestore-debug.log {"metadata":{"emulator":{"name":"firestore"},"message":"Firestore Emulator logging to \u001b[1mfirestore-debug.log\u001b[22m"}}
[debug] [2020-10-11T15:40:40.216Z] API endpoint: http://localhost {"metadata":{"emulator":{"name":"firestore"},"message":"API endpoint: http://localhost"}}
[debug] [2020-10-11T15:40:40.217Z] :8080
If you are using a library that supports the FIRESTORE_EMULATOR_HOST environment variable, run:

   export FIRESTORE_EMULATOR_HOST=localhost:8080

Dev App Server is now running.

 {"metadata":{"emulator":{"name":"firestore"},"message":":8080\nIf you are using a library that supports the FIRESTORE_EMULATOR_HOST environment variable, run:\n\n   export FIRESTORE_EMULATOR_HOST=localhost:8080\n\nDev App Server is now running.\n\n"}}
[debug] [2020-10-11T15:40:40.341Z] database rules config:  [{"instance":"superchat-841b2","rules":"/Users/tobiadeniyi/Desktop/superchat/database.rules.json"}]
[debug] [2020-10-11T15:40:40.343Z] Ignoring unsupported arg: projectId {"metadata":{"emulator":{"name":"database"},"message":"Ignoring unsupported arg: projectId"}}
[debug] [2020-10-11T15:40:40.343Z] Ignoring unsupported arg: auto_download {"metadata":{"emulator":{"name":"database"},"message":"Ignoring unsupported arg: auto_download"}}
[debug] [2020-10-11T15:40:40.343Z] Ignoring unsupported arg: rules {"metadata":{"emulator":{"name":"database"},"message":"Ignoring unsupported arg: rules"}}
[debug] [2020-10-11T15:40:40.343Z] Starting Database Emulator with command {"binary":"java","args":["-Duser.language=en","-jar","/Users/tobiadeniyi/.cache/firebase/emulators/firebase-database-emulator-v4.5.0.jar","--host","localhost","--port",9000],"optionalArgs":["port","host","functions_emulator_port","functions_emulator_host"],"joinArgs":false} {"metadata":{"emulator":{"name":"database"},"message":"Starting Database Emulator with command {\"binary\":\"java\",\"args\":[\"-Duser.language=en\",\"-jar\",\"/Users/tobiadeniyi/.cache/firebase/emulators/firebase-database-emulator-v4.5.0.jar\",\"--host\",\"localhost\",\"--port\",9000],\"optionalArgs\":[\"port\",\"host\",\"functions_emulator_port\",\"functions_emulator_host\"],\"joinArgs\":false}"}}
[info] i  database: Database Emulator logging to database-debug.log {"metadata":{"emulator":{"name":"database"},"message":"Database Emulator logging to \u001b[1mdatabase-debug.log\u001b[22m"}}
[debug] [2020-10-11T15:40:41.076Z] WARNING: An illegal reflective access operation has occurred
WARNING: Illegal reflective access by io.netty.util.internal.ReflectionUtil (file:/Users/tobiadeniyi/.cache/firebase/emulators/firebase-database-emulator-v4.5.0.jar) to field sun.nio.ch.SelectorImpl.selectedKeys
WARNING: Please consider reporting this to the maintainers of io.netty.util.internal.ReflectionUtil
WARNING: Use --illegal-access=warn to enable warnings of further illegal reflective access operations
WARNING: All illegal access operations will be denied in a future release
 {"metadata":{"emulator":{"name":"database"},"message":"WARNING: An illegal reflective access operation has occurred\nWARNING: Illegal reflective access by io.netty.util.internal.ReflectionUtil (file:/Users/tobiadeniyi/.cache/firebase/emulators/firebase-database-emulator-v4.5.0.jar) to field sun.nio.ch.SelectorImpl.selectedKeys\nWARNING: Please consider reporting this to the maintainers of io.netty.util.internal.ReflectionUtil\nWARNING: Use --illegal-access=warn to enable warnings of further illegal reflective access operations\nWARNING: All illegal access operations will be denied in a future release\n"}}
[debug] [2020-10-11T15:40:41.997Z] 16:40:41.995 [NamespaceSystem-akka.actor.default-dispatcher-4] INFO akka.event.slf4j.Slf4jLogger - Slf4jLogger started
 {"metadata":{"emulator":{"name":"database"},"message":"16:40:41.995 [NamespaceSystem-akka.actor.default-dispatcher-4] INFO akka.event.slf4j.Slf4jLogger - Slf4jLogger started\n"}}
[debug] [2020-10-11T15:40:42.219Z] 16:40:42.218 [main] INFO com.firebase.server.forge.App$ - Listening at localhost:9000
 {"metadata":{"emulator":{"name":"database"},"message":"16:40:42.218 [main] INFO com.firebase.server.forge.App$ - Listening at localhost:9000\n"}}
[debug] [2020-10-11T15:40:42.378Z] >>> HTTP REQUEST GET https://firebase.googleapis.com/v1beta1/projects/superchat-841b2/webApps/-/config  
 
[debug] [2020-10-11T15:40:43.113Z] <<< HTTP RESPONSE 200 {"content-type":"application/json; charset=UTF-8","vary":"X-Origin, Referer, Origin,Accept-Encoding","date":"Sun, 11 Oct 2020 15:40:43 GMT","server":"ESF","cache-control":"private","x-xss-protection":"0","x-frame-options":"SAMEORIGIN","x-content-type-options":"nosniff","alt-svc":"h3-Q050=\":443\"; ma=2592000,h3-29=\":443\"; ma=2592000,h3-27=\":443\"; ma=2592000,h3-T051=\":443\"; ma=2592000,h3-T050=\":443\"; ma=2592000,h3-Q046=\":443\"; ma=2592000,h3-Q043=\":443\"; ma=2592000,quic=\":443\"; ma=2592000; v=\"46,43\"","accept-ranges":"none","transfer-encoding":"chunked"}
[info] i  hosting: Serving hosting files from: build {"metadata":{"emulator":{"name":"hosting"},"message":"Serving hosting files from: \u001b[1mbuild\u001b[22m"}}
[info] ✔  hosting: Local server: http://localhost:5000 {"metadata":{"emulator":{"name":"hosting"},"message":"Local server: \u001b[4m\u001b[1mhttp://localhost:5000\u001b[22m\u001b[24m"}}
[debug] [2020-10-11T15:40:43.726Z] Ignoring unsupported arg: auto_download {"metadata":{"emulator":{"name":"ui"},"message":"Ignoring unsupported arg: auto_download"}}
[debug] [2020-10-11T15:40:43.726Z] Ignoring unsupported arg: port {"metadata":{"emulator":{"name":"ui"},"message":"Ignoring unsupported arg: port"}}
[debug] [2020-10-11T15:40:43.726Z] Starting Emulator UI with command {"binary":"node","args":["/Users/tobiadeniyi/.cache/firebase/emulators/ui-v1.1.1/server.bundle.js"],"optionalArgs":[],"joinArgs":false} {"metadata":{"emulator":{"name":"ui"},"message":"Starting Emulator UI with command {\"binary\":\"node\",\"args\":[\"/Users/tobiadeniyi/.cache/firebase/emulators/ui-v1.1.1/server.bundle.js\"],\"optionalArgs\":[],\"joinArgs\":false}"}}
[info] i  ui: Emulator UI logging to ui-debug.log {"metadata":{"emulator":{"name":"ui"},"message":"Emulator UI logging to \u001b[1mui-debug.log\u001b[22m"}}
[debug] [2020-10-11T15:40:43.834Z] Web / API server started at http://localhost:4000
 {"metadata":{"emulator":{"name":"ui"},"message":"Web / API server started at http://localhost:4000\n"}}
[debug] [2020-10-11T15:40:43.992Z] >>> HTTP REQUEST PUT http://localhost:9000/.settings/rules.json?ns=superchat-841b2  
 {
  /* Visit https://firebase.google.com/docs/database/security to learn more about security rules. */
  "rules": {
    ".read": false,
    ".write": false
  }
}
[debug] [2020-10-11T15:40:44.380Z] <<< HTTP RESPONSE 200 {"content-length":"15","content-type":"application/json; charset=utf-8","access-control-allow-origin":"*","cache-control":"no-cache","x-firebase-project-id":"superchat-841b2","x-firebase-project-number":"123456789","x-firebase-uuid":"c14b798f-7b01-4d43-95f5-c23aa1aa8193"}
[info] 
┌───────────────────────────────────────────────────────────────────────┐
│ ✔  All emulators ready! View status and logs at http://localhost:4000 │
└───────────────────────────────────────────────────────────────────────┘

┌───────────┬────────────────┬─────────────────────────────────┐
│ Emulator  │ Host:Port      │ View in Emulator UI             │
├───────────┼────────────────┼─────────────────────────────────┤
│ Firestore │ localhost:8080 │ http://localhost:4000/firestore │
├───────────┼────────────────┼─────────────────────────────────┤
│ Database  │ localhost:9000 │ http://localhost:4000/database  │
├───────────┼────────────────┼─────────────────────────────────┤
│ Hosting   │ localhost:5000 │ n/a                             │
└───────────┴────────────────┴─────────────────────────────────┘
  Other reserved ports: 4400, 4500

Issues? Report them at https://github.com/firebase/firebase-tools/issues and attach the *-debug.log files.
 
[info] i  hosting: 127.0.0.1 - - [11/Oct/2020:15:40:55 +0000] "GET / HTTP/1.1" 200 2219 "-" "Mozilla/5.0 (Macintosh; Intel Mac OS X 10_15_7) AppleWebKit/537.36 (KHTML, like Gecko) Chrome/85.0.4183.121 Safari/537.36" {"metadata":{"emulator":{"name":"hosting"},"message":"127.0.0.1 - - [11/Oct/2020:15:40:55 +0000] \"GET / HTTP/1.1\" 200 2219 \"-\" \"Mozilla/5.0 (Macintosh; Intel Mac OS X 10_15_7) AppleWebKit/537.36 (KHTML, like Gecko) Chrome/85.0.4183.121 Safari/537.36\""}}
[info] i  hosting: 127.0.0.1 - - [11/Oct/2020:15:40:55 +0000] "GET /static/css/main.5f361e03.chunk.css HTTP/1.1" 200 943 "http://localhost:5000/" "Mozilla/5.0 (Macintosh; Intel Mac OS X 10_15_7) AppleWebKit/537.36 (KHTML, like Gecko) Chrome/85.0.4183.121 Safari/537.36" {"metadata":{"emulator":{"name":"hosting"},"message":"127.0.0.1 - - [11/Oct/2020:15:40:55 +0000] \"GET /static/css/main.5f361e03.chunk.css HTTP/1.1\" 200 943 \"http://localhost:5000/\" \"Mozilla/5.0 (Macintosh; Intel Mac OS X 10_15_7) AppleWebKit/537.36 (KHTML, like Gecko) Chrome/85.0.4183.121 Safari/537.36\""}}
[info] i  hosting: 127.0.0.1 - - [11/Oct/2020:15:40:55 +0000] "GET /static/js/main.285f0508.chunk.js HTTP/1.1" 200 1912 "http://localhost:5000/" "Mozilla/5.0 (Macintosh; Intel Mac OS X 10_15_7) AppleWebKit/537.36 (KHTML, like Gecko) Chrome/85.0.4183.121 Safari/537.36" {"metadata":{"emulator":{"name":"hosting"},"message":"127.0.0.1 - - [11/Oct/2020:15:40:55 +0000] \"GET /static/js/main.285f0508.chunk.js HTTP/1.1\" 200 1912 \"http://localhost:5000/\" \"Mozilla/5.0 (Macintosh; Intel Mac OS X 10_15_7) AppleWebKit/537.36 (KHTML, like Gecko) Chrome/85.0.4183.121 Safari/537.36\""}}
[info] i  hosting: 127.0.0.1 - - [11/Oct/2020:15:40:55 +0000] "GET /static/js/2.9d4b90fb.chunk.js HTTP/1.1" 200 637801 "http://localhost:5000/" "Mozilla/5.0 (Macintosh; Intel Mac OS X 10_15_7) AppleWebKit/537.36 (KHTML, like Gecko) Chrome/85.0.4183.121 Safari/537.36" {"metadata":{"emulator":{"name":"hosting"},"message":"127.0.0.1 - - [11/Oct/2020:15:40:55 +0000] \"GET /static/js/2.9d4b90fb.chunk.js HTTP/1.1\" 200 637801 \"http://localhost:5000/\" \"Mozilla/5.0 (Macintosh; Intel Mac OS X 10_15_7) AppleWebKit/537.36 (KHTML, like Gecko) Chrome/85.0.4183.121 Safari/537.36\""}}
[info] i  hosting: 127.0.0.1 - - [11/Oct/2020:15:40:57 +0000] "GET /manifest.json HTTP/1.1" 200 492 "http://localhost:5000/" "Mozilla/5.0 (Macintosh; Intel Mac OS X 10_15_7) AppleWebKit/537.36 (KHTML, like Gecko) Chrome/85.0.4183.121 Safari/537.36" {"metadata":{"emulator":{"name":"hosting"},"message":"127.0.0.1 - - [11/Oct/2020:15:40:57 +0000] \"GET /manifest.json HTTP/1.1\" 200 492 \"http://localhost:5000/\" \"Mozilla/5.0 (Macintosh; Intel Mac OS X 10_15_7) AppleWebKit/537.36 (KHTML, like Gecko) Chrome/85.0.4183.121 Safari/537.36\""}}
[info] i  hosting: 127.0.0.1 - - [11/Oct/2020:15:40:57 +0000] "GET /logo192.png HTTP/1.1" 200 5347 "http://localhost:5000/" "Mozilla/5.0 (Macintosh; Intel Mac OS X 10_15_7) AppleWebKit/537.36 (KHTML, like Gecko) Chrome/85.0.4183.121 Safari/537.36" {"metadata":{"emulator":{"name":"hosting"},"message":"127.0.0.1 - - [11/Oct/2020:15:40:57 +0000] \"GET /logo192.png HTTP/1.1\" 200 5347 \"http://localhost:5000/\" \"Mozilla/5.0 (Macintosh; Intel Mac OS X 10_15_7) AppleWebKit/537.36 (KHTML, like Gecko) Chrome/85.0.4183.121 Safari/537.36\""}}
[debug] [2020-10-11T15:41:34.581Z] Oct 11, 2020 4:41:34 PM io.gapi.emulators.netty.HttpVersionRoutingHandler channelRead
INFO: Detected non-HTTP/2 connection.
 {"metadata":{"emulator":{"name":"firestore"},"message":"Oct 11, 2020 4:41:34 PM io.gapi.emulators.netty.HttpVersionRoutingHandler channelRead\nINFO: Detected non-HTTP/2 connection.\n"}}
[debug] [2020-10-11T15:41:34.804Z] Oct 11, 2020 4:41:34 PM io.gapi.emulators.netty.HttpVersionRoutingHandler channelRead
INFO: Detected HTTP/2 connection.
 {"metadata":{"emulator":{"name":"firestore"},"message":"Oct 11, 2020 4:41:34 PM io.gapi.emulators.netty.HttpVersionRoutingHandler channelRead\nINFO: Detected HTTP/2 connection.\n"}}
[info] i  database: Change detected, updating rules for superchat-841b2... {"metadata":{"emulator":{"name":"database"},"message":"Change detected, updating rules for superchat-841b2..."}}
[debug] [2020-10-11T15:42:15.225Z] >>> HTTP REQUEST PUT http://localhost:9000/.settings/rules.json?ns=superchat-841b2  
 {
  "rules": {
    ".read": false,
    ".write": false
  }
}
[debug] [2020-10-11T15:42:15.237Z] <<< HTTP RESPONSE 200 {"content-length":"15","content-type":"application/json; charset=utf-8","access-control-allow-origin":"*","cache-control":"no-cache","x-firebase-project-id":"superchat-841b2","x-firebase-project-number":"123456789","x-firebase-uuid":"c14b798f-7b01-4d43-95f5-c23aa1aa8193"}
[info] ✔  database: Rules updated. {"metadata":{"emulator":{"name":"database"},"message":"Rules updated."}}
